============================= test session starts =============================
platform win32 -- Python 3.13.3, pytest-9.0.2, pluggy-1.6.0
rootdir: C:\Personal\Projects\RAGify
plugins: anyio-4.9.0, langsmith-0.4.26, asyncio-1.3.0, mock-3.15.1
asyncio: mode=Mode.STRICT, debug=False, asyncio_default_fixture_loop_scope=None, asyncio_default_test_loop_scope=function
collected 0 items / 1 error

=================================== ERRORS ====================================
_____________ ERROR collecting tests/evaluation/test_evaluator.py _____________
ImportError while importing test module 'C:\Personal\Projects\RAGify\tests\evaluation\test_evaluator.py'.
Hint: make sure your test modules/packages have valid Python names.
Traceback:
C:\Users\ajkaa\AppData\Local\Programs\Python\Python313\Lib\importlib\__init__.py:88: in import_module
    return _bootstrap._gcd_import(name[level:], package, level)
           ^^^^^^^^^^^^^^^^^^^^^^^^^^^^^^^^^^^^^^^^^^^^^^^^^^^^
tests\evaluation\test_evaluator.py:3: in <module>
    from src.evaluation.evaluator import RagasEvaluator
E   ModuleNotFoundError: No module named 'src'
=========================== short test summary info ===========================
ERROR tests/evaluation/test_evaluator.py
!!!!!!!!!!!!!!!!!!! Interrupted: 1 error during collection !!!!!!!!!!!!!!!!!!!!
============================== 1 error in 0.31s ===============================
